Info: Starting: Create block symbol file (.bsf)
Info: qsys-generate C:\Users\MonkPC\workspaces\FPGA\Altera\CycloneVSoC\QMTECH\QMTECH_C5SOC_NANO_GHRD\qsys\soc_system.qsys --block-symbol-file --output-directory=C:\Users\MonkPC\workspaces\FPGA\Altera\CycloneVSoC\QMTECH\QMTECH_C5SOC_NANO_GHRD\qsys\soc_system --family="Cyclone V" --part=5CSEMA6U23I7
Progress: Loading qsys/soc_system.qsys
Progress: Reading input file
Progress: Adding avl_mm_bridge [altera_avalon_mm_bridge 25.1]
Progress: Parameterizing module avl_mm_bridge
Progress: Adding button_pio [altera_avalon_pio 25.1]
Progress: Parameterizing module button_pio
Progress: Adding dipsw_pio [altera_avalon_pio 25.1]
Progress: Parameterizing module dipsw_pio
Progress: Adding hps_0 [altera_hps 25.1]
Progress: Parameterizing module hps_0
Progress: Adding ilc_component [interrupt_latency_counter 25.1]
Progress: Parameterizing module ilc_component
Progress: Adding in_clk_50m [clock_source 25.1]
Progress: Parameterizing module in_clk_50m
Progress: Adding jtag_master_f2h_ddr3 [altera_jtag_avalon_master 25.1]
Progress: Parameterizing module jtag_master_f2h_ddr3
Progress: Adding jtag_master_fpga [altera_jtag_avalon_master 25.1]
Progress: Parameterizing module jtag_master_fpga
Progress: Adding jtag_master_hps [altera_jtag_avalon_master 25.1]
Progress: Parameterizing module jtag_master_hps
Progress: Adding jtag_uart [altera_avalon_jtag_uart 25.1]
Progress: Parameterizing module jtag_uart
Progress: Adding led_pio [altera_avalon_pio 25.1]
Progress: Parameterizing module led_pio
Progress: Adding sysid_qsys [altera_avalon_sysid_qsys 25.1]
Progress: Parameterizing module sysid_qsys
Progress: Building connections
Progress: Parameterizing connections
Progress: Validating
Progress: Done reading input file
Info: soc_system.button_pio: PIO inputs are not hardwired in test bench. Undefined values will be read from PIO inputs during simulation.
Info: soc_system.dipsw_pio: PIO inputs are not hardwired in test bench. Undefined values will be read from PIO inputs during simulation.
Info: soc_system.hps_0: HPS Main PLL counter settings: n = 0  m = 63
Info: soc_system.hps_0: HPS peripherial PLL counter settings: n = 0  m = 39
Warning: soc_system.hps_0: HPS model no longer supports simulation for HPS FPGA Bridges.
Info: soc_system.jtag_uart: JTAG UART IP input clock need to be at least double (2x) the operating frequency of JTAG TCK on board
Info: soc_system.sysid_qsys: System ID is not assigned automatically. Edit the System ID parameter to provide a unique ID
Info: soc_system.sysid_qsys: Time stamp will be automatically updated when this component is generated.
Info: qsys-generate succeeded.
Info: Finished: Create block symbol file (.bsf)
Info: 
Info: Starting: Create HDL design files for synthesis
Info: qsys-generate C:\Users\MonkPC\workspaces\FPGA\Altera\CycloneVSoC\QMTECH\QMTECH_C5SOC_NANO_GHRD\qsys\soc_system.qsys --synthesis=VERILOG --output-directory=C:\Users\MonkPC\workspaces\FPGA\Altera\CycloneVSoC\QMTECH\QMTECH_C5SOC_NANO_GHRD\qsys\soc_system\synthesis --family="Cyclone V" --part=5CSEMA6U23I7
Progress: Loading qsys/soc_system.qsys
Progress: Reading input file
Progress: Adding avl_mm_bridge [altera_avalon_mm_bridge 25.1]
Progress: Parameterizing module avl_mm_bridge
Progress: Adding button_pio [altera_avalon_pio 25.1]
Progress: Parameterizing module button_pio
Progress: Adding dipsw_pio [altera_avalon_pio 25.1]
Progress: Parameterizing module dipsw_pio
Progress: Adding hps_0 [altera_hps 25.1]
Progress: Parameterizing module hps_0
Progress: Adding ilc_component [interrupt_latency_counter 25.1]
Progress: Parameterizing module ilc_component
Progress: Adding in_clk_50m [clock_source 25.1]
Progress: Parameterizing module in_clk_50m
Progress: Adding jtag_master_f2h_ddr3 [altera_jtag_avalon_master 25.1]
Progress: Parameterizing module jtag_master_f2h_ddr3
Progress: Adding jtag_master_fpga [altera_jtag_avalon_master 25.1]
Progress: Parameterizing module jtag_master_fpga
Progress: Adding jtag_master_hps [altera_jtag_avalon_master 25.1]
Progress: Parameterizing module jtag_master_hps
Progress: Adding jtag_uart [altera_avalon_jtag_uart 25.1]
Progress: Parameterizing module jtag_uart
Progress: Adding led_pio [altera_avalon_pio 25.1]
Progress: Parameterizing module led_pio
Progress: Adding sysid_qsys [altera_avalon_sysid_qsys 25.1]
Progress: Parameterizing module sysid_qsys
Progress: Building connections
Progress: Parameterizing connections
Progress: Validating
Progress: Done reading input file
Info: soc_system.button_pio: PIO inputs are not hardwired in test bench. Undefined values will be read from PIO inputs during simulation.
Info: soc_system.dipsw_pio: PIO inputs are not hardwired in test bench. Undefined values will be read from PIO inputs during simulation.
Info: soc_system.hps_0: HPS Main PLL counter settings: n = 0  m = 63
Info: soc_system.hps_0: HPS peripherial PLL counter settings: n = 0  m = 39
Warning: soc_system.hps_0: HPS model no longer supports simulation for HPS FPGA Bridges.
Info: soc_system.jtag_uart: JTAG UART IP input clock need to be at least double (2x) the operating frequency of JTAG TCK on board
Info: soc_system.sysid_qsys: System ID is not assigned automatically. Edit the System ID parameter to provide a unique ID
Info: soc_system.sysid_qsys: Time stamp will be automatically updated when this component is generated.
Info: soc_system: Generating "soc_system" for QUARTUS_SYNTH
Info: Interconnect is inserted between master hps_0.h2f_lw_axi_master and slave avl_mm_bridge.s0 because the master is of type axi and the slave is of type avalon.
Info: Interconnect is inserted between master jtag_master_hps.master and slave hps_0.f2h_axi_slave because the master is of type avalon and the slave is of type axi.
Info: Interconnect is inserted between master jtag_master_f2h_ddr3.master and slave hps_0.f2h_sdram0_data because the master has address signal 32 bit wide, but the slave is 27 bit wide.
Info: Interconnect is inserted between master jtag_master_f2h_ddr3.master and slave hps_0.f2h_sdram0_data because the master has readdata signal 32 bit wide, but the slave is 256 bit wide.
Info: Interconnect is inserted between master jtag_master_f2h_ddr3.master and slave hps_0.f2h_sdram0_data because the master has writedata signal 32 bit wide, but the slave is 256 bit wide.
Info: Interconnect is inserted between master jtag_master_f2h_ddr3.master and slave hps_0.f2h_sdram0_data because the master has byteenable signal 4 bit wide, but the slave is 32 bit wide.
Warning: hps_0.f2h_irq0: Cannot connect clock for irq_mapper.sender
Warning: hps_0.f2h_irq0: Cannot connect reset for irq_mapper.sender
Warning: hps_0.f2h_irq1: Cannot connect clock for irq_mapper_001.sender
Warning: hps_0.f2h_irq1: Cannot connect reset for irq_mapper_001.sender
Info: avl_mm_bridge: "soc_system" instantiated altera_avalon_mm_bridge "avl_mm_bridge"
Info: button_pio: Starting RTL generation for module 'soc_system_button_pio'
Info: button_pio:   Generation command is [exec cmd /c {set LC_ALL=C&& C:/altera/25.1std/quartus/bin64/perl/bin/perl.exe -I C:/altera/25.1std/quartus/bin64/perl/lib -I C:/altera/25.1std/quartus/sopc_builder/bin/europa -I C:/altera/25.1std/quartus/sopc_builder/bin -I C:/altera/25.1std/quartus/../ip/altera/sopc_builder_ip/common -I C:/altera/25.1std/quartus/../ip/altera/sopc_builder_ip/altera_avalon_pio -- C:/altera/25.1std/quartus/../ip/altera/sopc_builder_ip/altera_avalon_pio/generate_rtl.pl --name=soc_system_button_pio --dir=C:/Users/MonkPC/AppData/Local/Temp/alt0552_3759059560362818624.dir/0003_button_pio_gen/ --quartus_dir=C:/altera/25.1std/quartus --verilog --config=C:/Users/MonkPC/AppData/Local/Temp/alt0552_3759059560362818624.dir/0003_button_pio_gen//soc_system_button_pio_component_configuration.pl --do_build_sim=0}]
Info: button_pio: Done RTL generation for module 'soc_system_button_pio'
Info: button_pio: "soc_system" instantiated altera_avalon_pio "button_pio"
Info: dipsw_pio: Starting RTL generation for module 'soc_system_dipsw_pio'
Info: dipsw_pio:   Generation command is [exec cmd /c {set LC_ALL=C&& C:/altera/25.1std/quartus/bin64/perl/bin/perl.exe -I C:/altera/25.1std/quartus/bin64/perl/lib -I C:/altera/25.1std/quartus/sopc_builder/bin/europa -I C:/altera/25.1std/quartus/sopc_builder/bin -I C:/altera/25.1std/quartus/../ip/altera/sopc_builder_ip/common -I C:/altera/25.1std/quartus/../ip/altera/sopc_builder_ip/altera_avalon_pio -- C:/altera/25.1std/quartus/../ip/altera/sopc_builder_ip/altera_avalon_pio/generate_rtl.pl --name=soc_system_dipsw_pio --dir=C:/Users/MonkPC/AppData/Local/Temp/alt0552_3759059560362818624.dir/0004_dipsw_pio_gen/ --quartus_dir=C:/altera/25.1std/quartus --verilog --config=C:/Users/MonkPC/AppData/Local/Temp/alt0552_3759059560362818624.dir/0004_dipsw_pio_gen//soc_system_dipsw_pio_component_configuration.pl --do_build_sim=0}]
Info: dipsw_pio: Done RTL generation for module 'soc_system_dipsw_pio'
Info: dipsw_pio: "soc_system" instantiated altera_avalon_pio "dipsw_pio"
Info: hps_0: "Running  for module: hps_0"
Info: hps_0: HPS Main PLL counter settings: n = 0  m = 63
Info: hps_0: HPS peripherial PLL counter settings: n = 0  m = 39
Warning: hps_0: HPS model no longer supports simulation for HPS FPGA Bridges.
Info: hps_0: "soc_system" instantiated altera_hps "hps_0"
Info: ilc_component: "soc_system" instantiated interrupt_latency_counter "ilc_component"
Info: jtag_master_f2h_ddr3: "soc_system" instantiated altera_jtag_avalon_master "jtag_master_f2h_ddr3"
Info: jtag_uart: "soc_system" instantiated altera_avalon_jtag_uart "jtag_uart"
Info: led_pio: Starting RTL generation for module 'soc_system_led_pio'
Info: led_pio:   Generation command is [exec cmd /c {set LC_ALL=C&& C:/altera/25.1std/quartus/bin64/perl/bin/perl.exe -I C:/altera/25.1std/quartus/bin64/perl/lib -I C:/altera/25.1std/quartus/sopc_builder/bin/europa -I C:/altera/25.1std/quartus/sopc_builder/bin -I C:/altera/25.1std/quartus/../ip/altera/sopc_builder_ip/common -I C:/altera/25.1std/quartus/../ip/altera/sopc_builder_ip/altera_avalon_pio -- C:/altera/25.1std/quartus/../ip/altera/sopc_builder_ip/altera_avalon_pio/generate_rtl.pl --name=soc_system_led_pio --dir=C:/Users/MonkPC/AppData/Local/Temp/alt0552_3759059560362818624.dir/0007_led_pio_gen/ --quartus_dir=C:/altera/25.1std/quartus --verilog --config=C:/Users/MonkPC/AppData/Local/Temp/alt0552_3759059560362818624.dir/0007_led_pio_gen//soc_system_led_pio_component_configuration.pl --do_build_sim=0}]
Info: led_pio: Done RTL generation for module 'soc_system_led_pio'
Info: led_pio: "soc_system" instantiated altera_avalon_pio "led_pio"
Info: sysid_qsys: "soc_system" instantiated altera_avalon_sysid_qsys "sysid_qsys"
Info: avalon_st_adapter: Inserting error_adapter: error_adapter_0
Info: mm_interconnect_0: "soc_system" instantiated altera_mm_interconnect "mm_interconnect_0"
Info: avalon_st_adapter: Inserting error_adapter: error_adapter_0
Info: avalon_st_adapter_001: Inserting error_adapter: error_adapter_0
Info: avalon_st_adapter_002: Inserting error_adapter: error_adapter_0
Info: avalon_st_adapter_003: Inserting error_adapter: error_adapter_0
Info: avalon_st_adapter_004: Inserting error_adapter: error_adapter_0
Info: avalon_st_adapter_005: Inserting error_adapter: error_adapter_0
Info: mm_interconnect_1: "soc_system" instantiated altera_mm_interconnect "mm_interconnect_1"
Info: mm_interconnect_2: "soc_system" instantiated altera_mm_interconnect "mm_interconnect_2"
Info: avalon_st_adapter: Inserting error_adapter: error_adapter_0
Info: mm_interconnect_3: "soc_system" instantiated altera_mm_interconnect "mm_interconnect_3"
Info: irq_mapper: "soc_system" instantiated altera_irq_mapper "irq_mapper"
Info: irq_mapper_001: "soc_system" instantiated altera_irq_mapper "irq_mapper_001"
Info: irq_mapper_002: "soc_system" instantiated altera_irq_mapper "irq_mapper_002"
Info: rst_controller: "soc_system" instantiated altera_reset_controller "rst_controller"
Info: fpga_interfaces: "hps_0" instantiated altera_interface_generator "fpga_interfaces"
Info: hps_io: "hps_0" instantiated altera_hps_io "hps_io"
Info: jtag_phy_embedded_in_jtag_master: "jtag_master_f2h_ddr3" instantiated altera_jtag_dc_streaming "jtag_phy_embedded_in_jtag_master"
Info: timing_adt: "jtag_master_f2h_ddr3" instantiated timing_adapter "timing_adt"
Info: fifo: "jtag_master_f2h_ddr3" instantiated altera_avalon_sc_fifo "fifo"
Info: b2p: "jtag_master_f2h_ddr3" instantiated altera_avalon_st_bytes_to_packets "b2p"
Info: p2b: "jtag_master_f2h_ddr3" instantiated altera_avalon_st_packets_to_bytes "p2b"
Info: transacto: "jtag_master_f2h_ddr3" instantiated altera_avalon_packets_to_master "transacto"
Info: b2p_adapter: "jtag_master_f2h_ddr3" instantiated channel_adapter "b2p_adapter"
Info: p2b_adapter: "jtag_master_f2h_ddr3" instantiated channel_adapter "p2b_adapter"
Info: avl_mm_bridge_s0_translator: "mm_interconnect_0" instantiated altera_merlin_slave_translator "avl_mm_bridge_s0_translator"
Info: hps_0_h2f_lw_axi_master_agent: "mm_interconnect_0" instantiated altera_merlin_axi_master_ni "hps_0_h2f_lw_axi_master_agent"
Info: avl_mm_bridge_s0_agent: "mm_interconnect_0" instantiated altera_merlin_slave_agent "avl_mm_bridge_s0_agent"
Info: router: "mm_interconnect_0" instantiated altera_merlin_router "router"
Info: router_002: "mm_interconnect_0" instantiated altera_merlin_router "router_002"
Info: avl_mm_bridge_s0_burst_adapter: "mm_interconnect_0" instantiated altera_merlin_burst_adapter "avl_mm_bridge_s0_burst_adapter"
Info: Reusing file C:/Users/MonkPC/workspaces/FPGA/Altera/CycloneVSoC/QMTECH/QMTECH_C5SOC_NANO_GHRD/qsys/soc_system/synthesis/submodules/altera_merlin_address_alignment.sv
Info: Reusing file C:/Users/MonkPC/workspaces/FPGA/Altera/CycloneVSoC/QMTECH/QMTECH_C5SOC_NANO_GHRD/qsys/soc_system/synthesis/submodules/altera_avalon_st_pipeline_stage.sv
Info: Reusing file C:/Users/MonkPC/workspaces/FPGA/Altera/CycloneVSoC/QMTECH/QMTECH_C5SOC_NANO_GHRD/qsys/soc_system/synthesis/submodules/altera_avalon_st_pipeline_base.v
Info: cmd_demux: "mm_interconnect_0" instantiated altera_merlin_demultiplexer "cmd_demux"
Info: cmd_mux: "mm_interconnect_0" instantiated altera_merlin_multiplexer "cmd_mux"
Info: rsp_demux: "mm_interconnect_0" instantiated altera_merlin_demultiplexer "rsp_demux"
Info: rsp_mux: "mm_interconnect_0" instantiated altera_merlin_multiplexer "rsp_mux"
Info: Reusing file C:/Users/MonkPC/workspaces/FPGA/Altera/CycloneVSoC/QMTECH/QMTECH_C5SOC_NANO_GHRD/qsys/soc_system/synthesis/submodules/altera_merlin_arbitrator.sv
Info: avalon_st_adapter: "mm_interconnect_0" instantiated altera_avalon_st_adapter "avalon_st_adapter"
Info: avl_mm_bridge_m0_translator: "mm_interconnect_1" instantiated altera_merlin_master_translator "avl_mm_bridge_m0_translator"
Info: avl_mm_bridge_m0_agent: "mm_interconnect_1" instantiated altera_merlin_master_agent "avl_mm_bridge_m0_agent"
Info: router: "mm_interconnect_1" instantiated altera_merlin_router "router"
Info: router_002: "mm_interconnect_1" instantiated altera_merlin_router "router_002"
Info: avl_mm_bridge_m0_limiter: "mm_interconnect_1" instantiated altera_merlin_traffic_limiter "avl_mm_bridge_m0_limiter"
Info: Reusing file C:/Users/MonkPC/workspaces/FPGA/Altera/CycloneVSoC/QMTECH/QMTECH_C5SOC_NANO_GHRD/qsys/soc_system/synthesis/submodules/altera_avalon_sc_fifo.v
Info: Reusing file C:/Users/MonkPC/workspaces/FPGA/Altera/CycloneVSoC/QMTECH/QMTECH_C5SOC_NANO_GHRD/qsys/soc_system/synthesis/submodules/altera_avalon_st_pipeline_base.v
Info: cmd_demux: "mm_interconnect_1" instantiated altera_merlin_demultiplexer "cmd_demux"
Info: cmd_mux: "mm_interconnect_1" instantiated altera_merlin_multiplexer "cmd_mux"
Info: Reusing file C:/Users/MonkPC/workspaces/FPGA/Altera/CycloneVSoC/QMTECH/QMTECH_C5SOC_NANO_GHRD/qsys/soc_system/synthesis/submodules/altera_merlin_arbitrator.sv
Info: rsp_demux: "mm_interconnect_1" instantiated altera_merlin_demultiplexer "rsp_demux"
Info: rsp_mux: "mm_interconnect_1" instantiated altera_merlin_multiplexer "rsp_mux"
Info: Reusing file C:/Users/MonkPC/workspaces/FPGA/Altera/CycloneVSoC/QMTECH/QMTECH_C5SOC_NANO_GHRD/qsys/soc_system/synthesis/submodules/altera_merlin_arbitrator.sv
Info: hps_0_f2h_axi_slave_agent: "mm_interconnect_2" instantiated altera_merlin_axi_slave_ni "hps_0_f2h_axi_slave_agent"
Info: Reusing file C:/Users/MonkPC/workspaces/FPGA/Altera/CycloneVSoC/QMTECH/QMTECH_C5SOC_NANO_GHRD/qsys/soc_system/synthesis/submodules/altera_merlin_burst_uncompressor.sv
Info: Reusing file C:/Users/MonkPC/workspaces/FPGA/Altera/CycloneVSoC/QMTECH/QMTECH_C5SOC_NANO_GHRD/qsys/soc_system/synthesis/submodules/altera_avalon_sc_fifo.v
Info: Reusing file C:/Users/MonkPC/workspaces/FPGA/Altera/CycloneVSoC/QMTECH/QMTECH_C5SOC_NANO_GHRD/qsys/soc_system/synthesis/submodules/altera_merlin_address_alignment.sv
Info: router: "mm_interconnect_2" instantiated altera_merlin_router "router"
Info: router_001: "mm_interconnect_2" instantiated altera_merlin_router "router_001"
Info: cmd_demux: "mm_interconnect_2" instantiated altera_merlin_demultiplexer "cmd_demux"
Info: cmd_mux: "mm_interconnect_2" instantiated altera_merlin_multiplexer "cmd_mux"
Info: Reusing file C:/Users/MonkPC/workspaces/FPGA/Altera/CycloneVSoC/QMTECH/QMTECH_C5SOC_NANO_GHRD/qsys/soc_system/synthesis/submodules/altera_merlin_arbitrator.sv
Info: rsp_demux: "mm_interconnect_2" instantiated altera_merlin_demultiplexer "rsp_demux"
Info: rsp_mux: "mm_interconnect_2" instantiated altera_merlin_multiplexer "rsp_mux"
Info: Reusing file C:/Users/MonkPC/workspaces/FPGA/Altera/CycloneVSoC/QMTECH/QMTECH_C5SOC_NANO_GHRD/qsys/soc_system/synthesis/submodules/altera_merlin_arbitrator.sv
Info: hps_0_f2h_axi_slave_wr_cmd_width_adapter: "mm_interconnect_2" instantiated altera_merlin_width_adapter "hps_0_f2h_axi_slave_wr_cmd_width_adapter"
Info: Reusing file C:/Users/MonkPC/workspaces/FPGA/Altera/CycloneVSoC/QMTECH/QMTECH_C5SOC_NANO_GHRD/qsys/soc_system/synthesis/submodules/altera_merlin_address_alignment.sv
Info: Reusing file C:/Users/MonkPC/workspaces/FPGA/Altera/CycloneVSoC/QMTECH/QMTECH_C5SOC_NANO_GHRD/qsys/soc_system/synthesis/submodules/altera_merlin_burst_uncompressor.sv
Info: router: "mm_interconnect_3" instantiated altera_merlin_router "router"
Info: router_001: "mm_interconnect_3" instantiated altera_merlin_router "router_001"
Info: cmd_demux: "mm_interconnect_3" instantiated altera_merlin_demultiplexer "cmd_demux"
Info: cmd_mux: "mm_interconnect_3" instantiated altera_merlin_multiplexer "cmd_mux"
Info: Reusing file C:/Users/MonkPC/workspaces/FPGA/Altera/CycloneVSoC/QMTECH/QMTECH_C5SOC_NANO_GHRD/qsys/soc_system/synthesis/submodules/altera_merlin_arbitrator.sv
Info: rsp_mux: "mm_interconnect_3" instantiated altera_merlin_multiplexer "rsp_mux"
Info: Reusing file C:/Users/MonkPC/workspaces/FPGA/Altera/CycloneVSoC/QMTECH/QMTECH_C5SOC_NANO_GHRD/qsys/soc_system/synthesis/submodules/altera_merlin_arbitrator.sv
Info: avalon_st_adapter: "mm_interconnect_3" instantiated altera_avalon_st_adapter "avalon_st_adapter"
Info: border: "hps_io" instantiated altera_interface_generator "border"
Info: error_adapter_0: "avalon_st_adapter" instantiated error_adapter "error_adapter_0"
Info: error_adapter_0: "avalon_st_adapter" instantiated error_adapter "error_adapter_0"
Info: soc_system: Done "soc_system" with 65 modules, 138 files
Info: qsys-generate succeeded.
Info: Finished: Create HDL design files for synthesis
