Assembler report for QMTECH_C5SOC_NANO_GHRD
Fri Apr 10 03:03:26 2026
Quartus Prime Version 25.1std.0 Build 1129 10/21/2025 SC Standard Edition


---------------------
; Table of Contents ;
---------------------
  1. Legal Notice
  2. Assembler Summary
  3. Assembler Settings
  4. Assembler Encrypted IP Cores Summary
  5. Assembler Generated Files
  6. Assembler Device Options: C:/TempStorage/Q25p1Std/QMTECH_C5SOC_NANO_GHRD/quartus/output_files/QMTECH_C5SOC_NANO_GHRD.sof
  7. Assembler Device Options: C:/TempStorage/Q25p1Std/QMTECH_C5SOC_NANO_GHRD/quartus/output_files/QMTECH_C5SOC_NANO_GHRD.jam
  8. Assembler Device Options: C:/TempStorage/Q25p1Std/QMTECH_C5SOC_NANO_GHRD/quartus/output_files/QMTECH_C5SOC_NANO_GHRD.jbc
  9. Assembler Device Options: C:/TempStorage/Q25p1Std/QMTECH_C5SOC_NANO_GHRD/quartus/output_files/QMTECH_C5SOC_NANO_GHRD.svf
 10. Assembler Device Options: C:/TempStorage/Q25p1Std/QMTECH_C5SOC_NANO_GHRD/quartus/output_files/QMTECH_C5SOC_NANO_GHRD.rbf
 11. Assembler Messages



----------------
; Legal Notice ;
----------------
Copyright (C) 2025  Altera Corporation. All rights reserved.
Your use of Altera Corporation's design tools, logic functions 
and other software and tools, and any partner logic 
functions, and any output files from any of the foregoing 
(including device programming or simulation files), and any 
associated documentation or information are expressly subject 
to the terms and conditions of the Altera Program License 
Subscription Agreement, the Altera Quartus Prime License Agreement,
the Altera IP License Agreement, or other applicable license
agreement, including, without limitation, that your use is for
the sole purpose of programming logic devices manufactured by
Altera and sold by Altera or its authorized distributors.  Please
refer to the Altera Software License Subscription Agreements 
on the Quartus Prime software download page.



+---------------------------------------------------------------+
; Assembler Summary                                             ;
+-----------------------+---------------------------------------+
; Assembler Status      ; Successful - Fri Apr 10 03:03:26 2026 ;
; Revision Name         ; QMTECH_C5SOC_NANO_GHRD                ;
; Top-level Entity Name ; QMTECH_C5SOC_NANO_GHRD                ;
; Family                ; Cyclone V                             ;
; Device                ; 5CSEMA6U23I7                          ;
+-----------------------+---------------------------------------+


+----------------------------------+
; Assembler Settings               ;
+--------+---------+---------------+
; Option ; Setting ; Default Value ;
+--------+---------+---------------+


+------------------------------------------------+
; Assembler Encrypted IP Cores Summary           ;
+--------+------------------------+--------------+
; Vendor ; IP Core Name           ; License Type ;
+--------+------------------------+--------------+
; Altera ; Signal Tap (6AF7 BCE1) ; Licensed     ;
; Altera ; Signal Tap (6AF7 BCEC) ; Licensed     ;
+--------+------------------------+--------------+


+------------------------------------------------------------------------------------------------+
; Assembler Generated Files                                                                      ;
+------------------------------------------------------------------------------------------------+
; File Name                                                                                      ;
+------------------------------------------------------------------------------------------------+
; C:/TempStorage/Q25p1Std/QMTECH_C5SOC_NANO_GHRD/quartus/output_files/QMTECH_C5SOC_NANO_GHRD.sof ;
; C:/TempStorage/Q25p1Std/QMTECH_C5SOC_NANO_GHRD/quartus/output_files/QMTECH_C5SOC_NANO_GHRD.jam ;
; C:/TempStorage/Q25p1Std/QMTECH_C5SOC_NANO_GHRD/quartus/output_files/QMTECH_C5SOC_NANO_GHRD.jbc ;
; C:/TempStorage/Q25p1Std/QMTECH_C5SOC_NANO_GHRD/quartus/output_files/QMTECH_C5SOC_NANO_GHRD.svf ;
; C:/TempStorage/Q25p1Std/QMTECH_C5SOC_NANO_GHRD/quartus/output_files/QMTECH_C5SOC_NANO_GHRD.rbf ;
+------------------------------------------------------------------------------------------------+


+--------------------------------------------------------------------------------------------------------------------------+
; Assembler Device Options: C:/TempStorage/Q25p1Std/QMTECH_C5SOC_NANO_GHRD/quartus/output_files/QMTECH_C5SOC_NANO_GHRD.sof ;
+----------------+---------------------------------------------------------------------------------------------------------+
; Option         ; Setting                                                                                                 ;
+----------------+---------------------------------------------------------------------------------------------------------+
; JTAG usercode  ; 0x01382D56                                                                                              ;
; Checksum       ; 0x01382D56                                                                                              ;
+----------------+---------------------------------------------------------------------------------------------------------+


+--------------------------------------------------------------------------------------------------------------------------+
; Assembler Device Options: C:/TempStorage/Q25p1Std/QMTECH_C5SOC_NANO_GHRD/quartus/output_files/QMTECH_C5SOC_NANO_GHRD.jam ;
+-------------------------+------------------------------------------------------------------------------------------------+
; Option                  ; Setting                                                                                        ;
+-------------------------+------------------------------------------------------------------------------------------------+
; JEDEC STAPL ASCII file  ;                                                                                                ;
+-------------------------+------------------------------------------------------------------------------------------------+


+--------------------------------------------------------------------------------------------------------------------------+
; Assembler Device Options: C:/TempStorage/Q25p1Std/QMTECH_C5SOC_NANO_GHRD/quartus/output_files/QMTECH_C5SOC_NANO_GHRD.jbc ;
+-----------------------+--------------------------------------------------------------------------------------------------+
; Option                ; Setting                                                                                          ;
+-----------------------+--------------------------------------------------------------------------------------------------+
; STAPL Byte Code file  ;                                                                                                  ;
+-----------------------+--------------------------------------------------------------------------------------------------+


+--------------------------------------------------------------------------------------------------------------------------+
; Assembler Device Options: C:/TempStorage/Q25p1Std/QMTECH_C5SOC_NANO_GHRD/quartus/output_files/QMTECH_C5SOC_NANO_GHRD.svf ;
+-----------+--------------------------------------------------------------------------------------------------------------+
; Option    ; Setting                                                                                                      ;
+-----------+--------------------------------------------------------------------------------------------------------------+
; SVF file  ;                                                                                                              ;
+-----------+--------------------------------------------------------------------------------------------------------------+


+--------------------------------------------------------------------------------------------------------------------------+
; Assembler Device Options: C:/TempStorage/Q25p1Std/QMTECH_C5SOC_NANO_GHRD/quartus/output_files/QMTECH_C5SOC_NANO_GHRD.rbf ;
+---------------------+----------------------------------------------------------------------------------------------------+
; Option              ; Setting                                                                                            ;
+---------------------+----------------------------------------------------------------------------------------------------+
; Raw Binary File     ;                                                                                                    ;
;  Compression Ratio  ; 3                                                                                                  ;
+---------------------+----------------------------------------------------------------------------------------------------+


+--------------------+
; Assembler Messages ;
+--------------------+
Info: *******************************************************************
Info: Running Quartus Prime Assembler
    Info: Version 25.1std.0 Build 1129 10/21/2025 SC Standard Edition
    Info: Processing started: Fri Apr 10 03:03:03 2026
Info: Command: quartus_asm --read_settings_files=off --write_settings_files=off QMTECH_C5SOC_NANO_GHRD -c QMTECH_C5SOC_NANO_GHRD
Info (115030): Assembler is generating device programming files
Info (210117): Created JAM or JBC file for the specified chain: 
Device 1 (5CSEMA6U23; C:/TempStorage/Q25p1Std/QMTECH_C5SOC_NANO_GHRD/quartus/output_files/QMTECH_C5SOC_NANO_GHRD.sof)
Info (210117): Created JAM or JBC file for the specified chain: 
Device 1 (5CSEMA6U23; C:/TempStorage/Q25p1Std/QMTECH_C5SOC_NANO_GHRD/quartus/output_files/QMTECH_C5SOC_NANO_GHRD.sof)
Warning (11713): The configuration of the Hard Processor Subsystem (HPS) within this design has changed.
The Preloader software that initializes the HPS requires an update.
Using hps_isw_handoff/soc_system_hps_0/, run the Preloader Support Package Generator to update your Preloader software
Info: Quartus Prime Assembler was successful. 0 errors, 1 warning
    Info: Peak virtual memory: 5332 megabytes
    Info: Processing ended: Fri Apr 10 03:03:26 2026
    Info: Elapsed time: 00:00:23
    Info: Total CPU time (on all processors): 00:00:20


